<?xml version="1.0" encoding="UTF-8"?>
<!-- Generated by org.testng.reporters.JUnitXMLReporter -->
<testsuite ignored="6" hostname="LTIN242681" failures="1" tests="17" name="Test" time="65.867" errors="0" timestamp="2024-02-12T11:41:57 IST">
  <testcase classname="TestCases.User_Validation" name="user" time="8.596"/>
  <testcase classname="TestCases.World_Clock_Title" name="Test_WorldClock_Title" time="0.433"/>
  <testcase classname="TestCases.Banglore_info" name="BangaloreWatch_Title" time="0.057"/>
  <testcase classname="TestCases.Banglore_info" name="Bangalore_Time" time="0.033"/>
  <testcase classname="TestCases.Banglore_info" name="Bangalore_Date" time="0.045"/>
  <testcase classname="TestCases.London_info" name="LondonWatch_Tittle" time="0.037"/>
  <testcase classname="TestCases.London_info" name="London_Time" time="0.076"/>
  <testcase classname="TestCases.London_info" name="London_Date" time="0.058"/>
  <testcase classname="TestCases.London_info" name="London_Timegap" time="0.062"/>
  <testcase classname="TestCases.NewYork_info" name="NY_Watchtittle" time="0.036"/>
  <testcase classname="TestCases.NewYork_info" name="NY_Time" time="0.089"/>
  <testcase classname="TestCases.NewYork_info" name="NY_Date" time="0.068"/>
  <testcase classname="TestCases.NewYork_info" name="NY_Timegap" time="0.118"/>
  <testcase classname="TestCases.All_Apps" name="scroll" time="33.087">
    <failure type="org.openqa.selenium.NoSuchElementException" message="no such element: Unable to locate element: {&amp;quot;method&amp;quot;:&amp;quot;xpath&amp;quot;,&amp;quot;selector&amp;quot;:&amp;quot;//*[text()=&amp;apos;OneCognizant&amp;apos;]&amp;quot;}
  (Session info: chrome=120.0.6099.130)
For documentation on this error, please visit: https://www.selenium.dev/documentation/webdriver/troubleshooting/errors#no-such-element-exception
Build info: version: &amp;apos;4.15.0&amp;apos;, revision: &amp;apos;1d14b5521b&amp;apos;
System info: os.name: &amp;apos;Windows 11&amp;apos;, os.arch: &amp;apos;amd64&amp;apos;, os.version: &amp;apos;10.0&amp;apos;, java.version: &amp;apos;17.0.2&amp;apos;
Driver info: org.openqa.selenium.chrome.ChromeDriver
Command: [6c61e43f75a46e1426dbc08ec692b796, findElement {using=xpath, value=//*[text()=&amp;apos;OneCognizant&amp;apos;]}]
Capabilities {acceptInsecureCerts: false, browserName: chrome, browserVersion: 120.0.6099.130, chrome: {chromedriverVersion: 120.0.6099.109 (3419140ab66..., userDataDir: C:\Windows\SystemTemp\scope...}, fedcm:accounts: true, goog:chromeOptions: {debuggerAddress: localhost:60613}, networkConnectionEnabled: false, pageLoadStrategy: normal, platformName: windows, proxy: Proxy(), se:cdp: ws://localhost:60613/devtoo..., se:cdpVersion: 120.0.6099.130, setWindowRect: true, strictFileInteractability: false, timeouts: {implicit: 0, pageLoad: 300000, script: 30000}, unhandledPromptBehavior: dismiss and notify, webauthn:extension:credBlob: true, webauthn:extension:largeBlob: true, webauthn:extension:minPinLength: true, webauthn:extension:prf: true, webauthn:virtualAuthenticators: true}
Session ID: 6c61e43f75a46e1426dbc08ec692b796">
      <![CDATA[org.openqa.selenium.NoSuchElementException: no such element: Unable to locate element: {"method":"xpath","selector":"//*[text()='OneCognizant']"}
  (Session info: chrome=120.0.6099.130)
For documentation on this error, please visit: https://www.selenium.dev/documentation/webdriver/troubleshooting/errors#no-such-element-exception
Build info: version: '4.15.0', revision: '1d14b5521b'
System info: os.name: 'Windows 11', os.arch: 'amd64', os.version: '10.0', java.version: '17.0.2'
Driver info: org.openqa.selenium.chrome.ChromeDriver
Command: [6c61e43f75a46e1426dbc08ec692b796, findElement {using=xpath, value=//*[text()='OneCognizant']}]
Capabilities {acceptInsecureCerts: false, browserName: chrome, browserVersion: 120.0.6099.130, chrome: {chromedriverVersion: 120.0.6099.109 (3419140ab66..., userDataDir: C:\Windows\SystemTemp\scope...}, fedcm:accounts: true, goog:chromeOptions: {debuggerAddress: localhost:60613}, networkConnectionEnabled: false, pageLoadStrategy: normal, platformName: windows, proxy: Proxy(), se:cdp: ws://localhost:60613/devtoo..., se:cdpVersion: 120.0.6099.130, setWindowRect: true, strictFileInteractability: false, timeouts: {implicit: 0, pageLoad: 300000, script: 30000}, unhandledPromptBehavior: dismiss and notify, webauthn:extension:credBlob: true, webauthn:extension:largeBlob: true, webauthn:extension:minPinLength: true, webauthn:extension:prf: true, webauthn:virtualAuthenticators: true}
Session ID: 6c61e43f75a46e1426dbc08ec692b796
at org.openqa.selenium.remote.codec.w3c.W3CHttpResponseCodec.createException(W3CHttpResponseCodec.java:200)
at org.openqa.selenium.remote.codec.w3c.W3CHttpResponseCodec.decode(W3CHttpResponseCodec.java:133)
at org.openqa.selenium.remote.codec.w3c.W3CHttpResponseCodec.decode(W3CHttpResponseCodec.java:52)
at org.openqa.selenium.remote.HttpCommandExecutor.execute(HttpCommandExecutor.java:191)
at org.openqa.selenium.remote.service.DriverCommandExecutor.invokeExecute(DriverCommandExecutor.java:200)
at org.openqa.selenium.remote.service.DriverCommandExecutor.execute(DriverCommandExecutor.java:175)
at org.openqa.selenium.remote.RemoteWebDriver.execute(RemoteWebDriver.java:607)
at org.openqa.selenium.remote.ElementLocation$ElementFinder$2.findElement(ElementLocation.java:165)
at org.openqa.selenium.remote.ElementLocation.findElement(ElementLocation.java:59)
at org.openqa.selenium.remote.RemoteWebDriver.findElement(RemoteWebDriver.java:364)
at org.openqa.selenium.remote.RemoteWebDriver.findElement(RemoteWebDriver.java:358)
at TestCases.All_Apps.scroll(All_Apps.java:22)
at java.base/java.util.ArrayList.forEach(ArrayList.java:1511)
... Removed 32 stack frames]]>
    </failure>
  </testcase> <!-- scroll -->
  <testcase classname="TestCases.All_Apps" name="Viewapps" time="17.987"/>
  <testcase classname="TestCases.App_Alphabet_List" name="Appsalphabet" time="2.333"/>
  <testcase classname="TestCases.App_Alphabet_List" name="Randomalphabet" time="2.32"/>
  <testcase classname="TestBase.BaseClass" name="@BeforeSuite getWebDriver" time="0.0">
    <ignored/>
  </testcase> <!-- @BeforeSuite getWebDriver -->
  <testcase classname="TestBase.BaseClass" name="@BeforeSuite getWebDriver" time="0.0">
    <ignored/>
  </testcase> <!-- @BeforeSuite getWebDriver -->
  <testcase classname="TestBase.BaseClass" name="@BeforeSuite getWebDriver" time="0.0">
    <ignored/>
  </testcase> <!-- @BeforeSuite getWebDriver -->
  <testcase classname="TestBase.BaseClass" name="@BeforeSuite getWebDriver" time="0.0">
    <ignored/>
  </testcase> <!-- @BeforeSuite getWebDriver -->
  <testcase classname="TestBase.BaseClass" name="@BeforeSuite getWebDriver" time="0.0">
    <ignored/>
  </testcase> <!-- @BeforeSuite getWebDriver -->
  <testcase classname="TestBase.BaseClass" name="@BeforeSuite getWebDriver" time="0.0">
    <ignored/>
  </testcase> <!-- @BeforeSuite getWebDriver -->
</testsuite> <!-- Test -->
