<?xml version="1.0" encoding="UTF-8"?>
<!-- Generated by org.testng.reporters.JUnitXMLReporter -->
<testsuite ignored="0" hostname="LTIN242681" failures="0" tests="12" name="Default test" time="45.856" errors="0" timestamp="2024-02-08T10:31:22 IST">
  <testcase classname="testcasproject.Testclock" name="@BeforeClass openpage" time="45.127">
    <failure type="org.openqa.selenium.NoSuchElementException" message="Unable to find element with locator By.xpath: //*[@id=&amp;quot;c24ff0ed-b166-42e5-b7d5-57c9a9e573cb&amp;quot;]/div/div/div/p/a/span/strong
For documentation on this error, please visit: https://www.selenium.dev/documentation/webdriver/troubleshooting/errors#no-such-element-exception
Build info: version: &amp;apos;4.15.0&amp;apos;, revision: &amp;apos;1d14b5521b&amp;apos;
System info: os.name: &amp;apos;Windows 11&amp;apos;, os.arch: &amp;apos;amd64&amp;apos;, os.version: &amp;apos;10.0&amp;apos;, java.version: &amp;apos;17.0.2&amp;apos;
Driver info: driver.version: RemoteWebDriver">
      <![CDATA[org.openqa.selenium.NoSuchElementException: Unable to find element with locator By.xpath: //*[@id="c24ff0ed-b166-42e5-b7d5-57c9a9e573cb"]/div/div/div/p/a/span/strong
For documentation on this error, please visit: https://www.selenium.dev/documentation/webdriver/troubleshooting/errors#no-such-element-exception
Build info: version: '4.15.0', revision: '1d14b5521b'
System info: os.name: 'Windows 11', os.arch: 'amd64', os.version: '10.0', java.version: '17.0.2'
Driver info: driver.version: RemoteWebDriver
at org.openqa.selenium.remote.ElementLocation$ElementFinder$2.findElement(ElementLocation.java:168)
at org.openqa.selenium.remote.ElementLocation.findElement(ElementLocation.java:59)
at org.openqa.selenium.remote.RemoteWebDriver.findElement(RemoteWebDriver.java:364)
at org.openqa.selenium.remote.RemoteWebDriver.findElement(RemoteWebDriver.java:358)
at testcasproject.Testclock.openpage(Testclock.java:38)
at java.base/jdk.internal.reflect.NativeMethodAccessorImpl.invoke0(Native Method)
at java.base/jdk.internal.reflect.NativeMethodAccessorImpl.invoke(NativeMethodAccessorImpl.java:77)
at java.base/jdk.internal.reflect.DelegatingMethodAccessorImpl.invoke(DelegatingMethodAccessorImpl.java:43)
at java.base/java.lang.reflect.Method.invoke(Method.java:568)
at org.testng.internal.invokers.MethodInvocationHelper.invokeMethod(MethodInvocationHelper.java:139)
at org.testng.internal.invokers.MethodInvocationHelper.invokeMethodConsideringTimeout(MethodInvocationHelper.java:69)
at org.testng.internal.invokers.ConfigInvoker.invokeConfigurationMethod(ConfigInvoker.java:390)
at org.testng.internal.invokers.ConfigInvoker.invokeConfigurations(ConfigInvoker.java:325)
at org.testng.internal.invokers.TestMethodWorker.invokeBeforeClassMethods(TestMethodWorker.java:180)
at org.testng.internal.invokers.TestMethodWorker.run(TestMethodWorker.java:122)
at java.base/java.util.ArrayList.forEach(ArrayList.java:1511)
at org.testng.TestRunner.privateRun(TestRunner.java:848)
at org.testng.TestRunner.run(TestRunner.java:621)
at org.testng.SuiteRunner.runTest(SuiteRunner.java:443)
at org.testng.SuiteRunner.runSequentially(SuiteRunner.java:437)
at org.testng.SuiteRunner.privateRun(SuiteRunner.java:397)
at org.testng.SuiteRunner.run(SuiteRunner.java:336)
at org.testng.SuiteRunnerWorker.runSuite(SuiteRunnerWorker.java:52)
at org.testng.SuiteRunnerWorker.run(SuiteRunnerWorker.java:95)
at org.testng.TestNG.runSuitesSequentially(TestNG.java:1280)
at org.testng.TestNG.runSuitesLocally(TestNG.java:1200)
at org.testng.TestNG.runSuites(TestNG.java:1114)
at org.testng.TestNG.run(TestNG.java:1082)
at org.testng.remote.AbstractRemoteTestNG.run(AbstractRemoteTestNG.java:115)
at org.testng.remote.RemoteTestNG.initAndRun(RemoteTestNG.java:251)
at org.testng.remote.RemoteTestNG.main(RemoteTestNG.java:77)
]]>
    </failure>
  </testcase> <!-- @BeforeClass openpage -->
  <testcase classname="testcasproject.Testclock" name="@AfterClass close" time="0.0">
    <skipped/>
  </testcase> <!-- @AfterClass close -->
  <testcase classname="testcasproject.Testclock" name="Test_WorldClock_Title" time="0.0">
    <skipped/>
  </testcase> <!-- Test_WorldClock_Title -->
  <testcase classname="testcasproject.Testclock" name="BangaloreWatch_Title" time="0.0">
    <skipped/>
  </testcase> <!-- BangaloreWatch_Title -->
  <testcase classname="testcasproject.Testclock" name="Bangalore_Time" time="0.0">
    <skipped/>
  </testcase> <!-- Bangalore_Time -->
  <testcase classname="testcasproject.Testclock" name="Bangalore_Date" time="0.0">
    <skipped/>
  </testcase> <!-- Bangalore_Date -->
  <testcase classname="testcasproject.Testclock" name="LondonWatch_Tittle" time="0.0">
    <skipped/>
  </testcase> <!-- LondonWatch_Tittle -->
  <testcase classname="testcasproject.Testclock" name="London_Time" time="0.0">
    <skipped/>
  </testcase> <!-- London_Time -->
  <testcase classname="testcasproject.Testclock" name="London_Date" time="0.0">
    <skipped/>
  </testcase> <!-- London_Date -->
  <testcase classname="testcasproject.Testclock" name="London_Timegap" time="0.0">
    <skipped/>
  </testcase> <!-- London_Timegap -->
  <testcase classname="testcasproject.Testclock" name="NY_Watchtittle" time="0.0">
    <skipped/>
  </testcase> <!-- NY_Watchtittle -->
  <testcase classname="testcasproject.Testclock" name="NY_Time" time="0.0">
    <skipped/>
  </testcase> <!-- NY_Time -->
  <testcase classname="testcasproject.Testclock" name="NY_Date" time="0.0">
    <skipped/>
  </testcase> <!-- NY_Date -->
  <testcase classname="testcasproject.Testclock" name="NY_Timegap" time="0.001">
    <skipped/>
  </testcase> <!-- NY_Timegap -->
</testsuite> <!-- Default test -->
